<?xml version="1.0" encoding="UTF-8"?>
<testsuite name="com.bridgelabz.PhoneNumberTest" tests="3" skipped="0" failures="0" errors="0" timestamp="2021-08-06T14:32:30" hostname="DEEPSINGH" time="0.002">
  <properties/>
  <testcase name="given_PhoneNumber_ShouldReturn_False_with_Not_10Number" classname="com.bridgelabz.PhoneNumberTest" time="0.001"/>
  <testcase name="given_PhoneNumber_ShouldReturn_False" classname="com.bridgelabz.PhoneNumberTest" time="0.001"/>
  <testcase name="given_PhoneNumber_ShouldReturn_True" classname="com.bridgelabz.PhoneNumberTest" time="0.0"/>
  <system-out><![CDATA[-----Invalid Mobile Number---------
-----Invalid Mobile Number---------
]]></system-out>
  <system-err><![CDATA[]]></system-err>
</testsuite>
