<?xml version="1.0" encoding="UTF-8"?>
<testsuite name="com.bridgelabz.UserRegistrationTest" tests="15" skipped="0" failures="0" errors="0" timestamp="2021-08-06T14:32:30" hostname="DEEPSINGH" time="0.02">
  <properties/>
  <testcase name="givenInValid_FirstName_ShouldReturn_False" classname="com.bridgelabz.UserRegistrationTest" time="0.002"/>
  <testcase name="givenValid_Password_ShouldReturn_False" classname="com.bridgelabz.UserRegistrationTest" time="0.001"/>
  <testcase name="givenValid_Password_ShouldReturn_True" classname="com.bridgelabz.UserRegistrationTest" time="0.001"/>
  <testcase name="givenValid_LastName_ShouldReturn_False_Numeric_number" classname="com.bridgelabz.UserRegistrationTest" time="0.003"/>
  <testcase name="givenValid_Email_ShouldReturn_False" classname="com.bridgelabz.UserRegistrationTest" time="0.001"/>
  <testcase name="givenValid_Email_ShouldReturn_False_Special_Character" classname="com.bridgelabz.UserRegistrationTest" time="0.0"/>
  <testcase name="givenValid_Password_ShouldReturn_False_Should_8_Character" classname="com.bridgelabz.UserRegistrationTest" time="0.0"/>
  <testcase name="givenInValid_FirstName_ShouldReturn_False_Numeric_number" classname="com.bridgelabz.UserRegistrationTest" time="0.001"/>
  <testcase name="givenValid_LastName_ShouldReturn_True" classname="com.bridgelabz.UserRegistrationTest" time="0.001"/>
  <testcase name="givenValid_Email_ShouldReturn_True" classname="com.bridgelabz.UserRegistrationTest" time="0.002"/>
  <testcase name="givenValid_LastName_ShouldReturn_False" classname="com.bridgelabz.UserRegistrationTest" time="0.006"/>
  <testcase name="givenValid_Phone_Number_ShouldReturn_False" classname="com.bridgelabz.UserRegistrationTest" time="0.0"/>
  <testcase name="givenValid_Phone_Number_ShouldReturn_False_Number_Should_10" classname="com.bridgelabz.UserRegistrationTest" time="0.0"/>
  <testcase name="givenValid_FirstName_ShouldReturn_True" classname="com.bridgelabz.UserRegistrationTest" time="0.0"/>
  <testcase name="givenValid_Phone_Number_ShouldReturn_True" classname="com.bridgelabz.UserRegistrationTest" time="0.0"/>
  <system-out><![CDATA[]]></system-out>
  <system-err><![CDATA[]]></system-err>
</testsuite>
