<?xml version="1.0" encoding="UTF-8"?>
<testsuite name="com.bridgelabz.PasswordTest" tests="3" skipped="0" failures="0" errors="0" timestamp="2021-08-06T14:32:30" hostname="DEEPSINGH" time="0.008">
  <properties/>
  <testcase name="given_Password_Should_Return_False" classname="com.bridgelabz.PasswordTest" time="0.006"/>
  <testcase name="given_Password_ShouldReturn_True" classname="com.bridgelabz.PasswordTest" time="0.0"/>
  <testcase name="given_Password_ShouldReturn_False" classname="com.bridgelabz.PasswordTest" time="0.001"/>
  <system-out><![CDATA[-----Invalid Your Password---------
-----Invalid Your Password---------
]]></system-out>
  <system-err><![CDATA[]]></system-err>
</testsuite>
