<?xml version="1.0" encoding="UTF-8"?>
<testsuite name="com.bridgelabz.UserRegistrationParameterizedTest" tests="9" skipped="0" failures="0" errors="0" timestamp="2021-08-06T11:23:39" hostname="DEEPSINGH" time="0.025">
  <properties/>
  <testcase name="givenAllEmail_ShouldReturn_True_Or_False[0]" classname="com.bridgelabz.UserRegistrationParameterizedTest" time="0.012"/>
  <testcase name="givenAllEmail_ShouldReturn_True_Or_False[1]" classname="com.bridgelabz.UserRegistrationParameterizedTest" time="0.0"/>
  <testcase name="givenAllEmail_ShouldReturn_True_Or_False[2]" classname="com.bridgelabz.UserRegistrationParameterizedTest" time="0.0"/>
  <testcase name="givenAllEmail_ShouldReturn_True_Or_False[3]" classname="com.bridgelabz.UserRegistrationParameterizedTest" time="0.0"/>
  <testcase name="givenAllEmail_ShouldReturn_True_Or_False[4]" classname="com.bridgelabz.UserRegistrationParameterizedTest" time="0.001"/>
  <testcase name="givenAllEmail_ShouldReturn_True_Or_False[5]" classname="com.bridgelabz.UserRegistrationParameterizedTest" time="0.001"/>
  <testcase name="givenAllEmail_ShouldReturn_True_Or_False[6]" classname="com.bridgelabz.UserRegistrationParameterizedTest" time="0.002"/>
  <testcase name="givenAllEmail_ShouldReturn_True_Or_False[7]" classname="com.bridgelabz.UserRegistrationParameterizedTest" time="0.0"/>
  <testcase name="givenAllEmail_ShouldReturn_True_Or_False[8]" classname="com.bridgelabz.UserRegistrationParameterizedTest" time="0.0"/>
  <system-out><![CDATA[]]></system-out>
  <system-err><![CDATA[]]></system-err>
</testsuite>
